- Processing: HannumG2013
- Done: HannumG2013
- Processing: HorvathS2013
Error in processing: HorvathS2013. Skipping to next item.
- Done: HorvathS2013
- Processing: LevineM2018
- Done: LevineM2018
- Processing: ZhangQ2019
- Done: ZhangQ2019
- Processing: ShirebyG2020
- Done: ShirebyG2020
- Processing: YangZ2016
Error in processing: YangZ2016. Skipping to next item.
- Done: YangZ2016
- Processing: ZhangY2017
- Done: ZhangY2017
- Processing: LuA2019
- Done: LuA2019
- Processing: HorvathS2018
- Done: HorvathS2018
- Processing: DunedinPACE
Error in processing: DunedinPACE. Skipping to next item.
- Done: DunedinPACE
- Processing: McEwenL2019
- Done: McEwenL2019
- Processing: CBL_specific
- Done: CBL_specific
- Processing: PCGrimAge
Error in processing: PCGrimAge. Skipping to next item.
- Done: PCGrimAge
- Processing: PCHorvathS2013
- Done: PCHorvathS2013
- Processing: PCHannumG2013
- Done: PCHannumG2013
- Processing: PCHorvathS2018
- Done: PCHorvathS2018
- Processing: PCPhenoAge
- Done: PCPhenoAge
- Processing: CBL_common
- Done: CBL_common
- Processing: Cortex_common
- Done: Cortex_common
- Processing: epiTOC2
- Done: epiTOC2
- Processing: BernabeuE2023c
- Done: BernabeuE2023c
- Processing: LuA2023p1
- Done: LuA2023p1
- Processing: LuA2023p2
- Done: LuA2023p2
- Processing: LuA2023p3
- Done: LuA2023p3
- Processing: HannumG2013
- Processing: HannumG2013
- Done: HannumG2013
- Processing: HorvathS2013
Error in processing: HorvathS2013. Skipping to next item.
- Done: HorvathS2013
- Processing: LevineM2018
- Done: LevineM2018
- Processing: ZhangQ2019
- Done: ZhangQ2019
- Processing: ShirebyG2020
- Done: ShirebyG2020
- Processing: YangZ2016
Error in processing: YangZ2016. Skipping to next item.
- Done: YangZ2016
- Processing: ZhangY2017
- Done: ZhangY2017
- Processing: LuA2019
- Done: LuA2019
- Processing: HorvathS2018
- Done: HorvathS2018
- Processing: DunedinPACE
Error in processing: DunedinPACE. Skipping to next item.
- Done: DunedinPACE
- Processing: McEwenL2019
- Done: McEwenL2019
- Processing: CBL_specific
- Done: CBL_specific
- Processing: PCGrimAge
Error in processing: PCGrimAge. Skipping to next item.
- Done: PCGrimAge
- Processing: PCHorvathS2013
- Done: PCHorvathS2013
- Processing: PCHannumG2013
- Done: PCHannumG2013
- Processing: PCHorvathS2018
- Processing: HannumG2013
- Done: HannumG2013
- Processing: HorvathS2013
Error in processing: HorvathS2013. Skipping to next item.
- Done: HorvathS2013
- Processing: LevineM2018
- Done: LevineM2018
- Processing: ZhangQ2019
- Done: ZhangQ2019
- Processing: ShirebyG2020
- Done: ShirebyG2020
- Processing: YangZ2016
Error in processing: YangZ2016. Skipping to next item.
- Done: YangZ2016
- Processing: ZhangY2017
- Done: ZhangY2017
- Processing: LuA2019
- Done: LuA2019
- Processing: HorvathS2018
- Done: HorvathS2018
- Processing: DunedinPACE
Error in processing: DunedinPACE. Skipping to next item.
- Done: DunedinPACE
- Processing: McEwenL2019
- Done: McEwenL2019
- Processing: CBL_specific
- Done: CBL_specific
- Processing: PCGrimAge
Error in processing: PCGrimAge. Skipping to next item.
- Done: PCGrimAge
- Processing: PCHorvathS2013
- Processing: HannumG2013
- Done: HannumG2013
- Processing: HorvathS2013
Error in processing: HorvathS2013. Skipping to next item.
- Done: HorvathS2013
- Processing: LevineM2018
- Done: LevineM2018
- Processing: ZhangQ2019
- Done: ZhangQ2019
- Processing: ShirebyG2020
- Done: ShirebyG2020
- Processing: YangZ2016
Error in processing: YangZ2016. Skipping to next item.
- Done: YangZ2016
- Processing: ZhangY2017
- Processing: HannumG2013
- Processing: HannumG2013
- Done: HannumG2013
- Processing: HorvathS2013
Error in processing: HorvathS2013. Skipping to next item.
- Done: HorvathS2013
- Processing: LevineM2018
- Done: LevineM2018
- Processing: ZhangQ2019
- Done: ZhangQ2019
- Processing: ShirebyG2020
- Done: ShirebyG2020
- Processing: YangZ2016
Error in processing: YangZ2016. Skipping to next item.
- Done: YangZ2016
- Processing: ZhangY2017
- Done: ZhangY2017
- Processing: LuA2019
- Done: LuA2019
- Processing: HorvathS2018
- Done: HorvathS2018
- Processing: DunedinPACE
Error in processing: DunedinPACE. Skipping to next item.
- Done: DunedinPACE
- Processing: McEwenL2019
- Done: McEwenL2019
- Processing: CBL_specific
- Done: CBL_specific
- Processing: PCGrimAge
Error in processing: PCGrimAge. Skipping to next item.
- Done: PCGrimAge
- Processing: PCHorvathS2013
- Done: PCHorvathS2013
- Processing: PCHannumG2013
- Done: PCHannumG2013
- Processing: PCHorvathS2018
- Done: PCHorvathS2018
- Processing: PCPhenoAge
- Done: PCPhenoAge
- Processing: CBL_common
- Done: CBL_common
- Processing: Cortex_common
- Done: Cortex_common
- Processing: epiTOC2
- Done: epiTOC2
- Processing: BernabeuE2023c
- Done: BernabeuE2023c
- Processing: LuA2023p1
- Processing: HannumG2013
- Done: HannumG2013
- Processing: HorvathS2013
Error in processing: HorvathS2013. Skipping to next item.
- Done: HorvathS2013
- Processing: LevineM2018
- Done: LevineM2018
- Processing: ZhangQ2019
- Done: ZhangQ2019
- Processing: ShirebyG2020
- Done: ShirebyG2020
- Processing: YangZ2016
Error in processing: YangZ2016. Skipping to next item.
- Done: YangZ2016
- Processing: ZhangY2017
- Done: ZhangY2017
- Processing: LuA2019
- Done: LuA2019
- Processing: HorvathS2018
- Done: HorvathS2018
- Processing: DunedinPACE
Error in processing: DunedinPACE. Skipping to next item.
- Done: DunedinPACE
- Processing: McEwenL2019
- Done: McEwenL2019
- Processing: CBL_specific
- Done: CBL_specific
- Processing: PCGrimAge
Error in processing: PCGrimAge. Skipping to next item.
- Done: PCGrimAge
- Processing: PCHorvathS2013
- Done: PCHorvathS2013
- Processing: PCHannumG2013
- Done: PCHannumG2013
- Processing: PCHorvathS2018
- Done: PCHorvathS2018
- Processing: PCPhenoAge
- Done: PCPhenoAge
- Processing: CBL_common
- Done: CBL_common
- Processing: Cortex_common
- Done: Cortex_common
- Processing: epiTOC2
- Done: epiTOC2
- Processing: BernabeuE2023c
- Done: BernabeuE2023c
- Processing: LuA2023p1
- Done: LuA2023p1
- Processing: LuA2023p2
- Done: LuA2023p2
- Processing: LuA2023p3
- Done: LuA2023p3
- Processing: HannumG2013
- Done: HannumG2013
- Processing: HorvathS2013
Error in processing: HorvathS2013. Skipping to next item.
- Done: HorvathS2013
- Processing: LevineM2018
- Done: LevineM2018
- Processing: ZhangQ2019
- Done: ZhangQ2019
- Processing: ShirebyG2020
- Done: ShirebyG2020
- Processing: YangZ2016
Error in processing: YangZ2016. Skipping to next item.
- Done: YangZ2016
- Processing: ZhangY2017
- Done: ZhangY2017
- Processing: LuA2019
- Done: LuA2019
- Processing: HorvathS2018
- Done: HorvathS2018
- Processing: DunedinPACE
Error in processing: DunedinPACE. Skipping to next item.
- Done: DunedinPACE
- Processing: McEwenL2019
- Done: McEwenL2019
- Processing: CBL_specific
- Done: CBL_specific
- Processing: PCGrimAge
Error in processing: PCGrimAge. Skipping to next item.
- Done: PCGrimAge
- Processing: PCHorvathS2013
- Done: PCHorvathS2013
- Processing: PCHannumG2013
- Done: PCHannumG2013
- Processing: PCHorvathS2018
- Done: PCHorvathS2018
- Processing: PCPhenoAge
- Done: PCPhenoAge
- Processing: CBL_common
- Done: CBL_common
- Processing: Cortex_common
- Done: Cortex_common
- Processing: epiTOC2
- Done: epiTOC2
- Processing: BernabeuE2023c
- Done: BernabeuE2023c
- Processing: LuA2023p1
- Done: LuA2023p1
- Processing: LuA2023p2
- Done: LuA2023p2
- Processing: LuA2023p3
- Done: LuA2023p3
- Processing: HannumG2013
- Done: HannumG2013
- Processing: HorvathS2013
Error in processing: HorvathS2013. Skipping to next item.
- Done: HorvathS2013
- Processing: LevineM2018
- Done: LevineM2018
- Processing: ZhangQ2019
- Done: ZhangQ2019
- Processing: ShirebyG2020
- Done: ShirebyG2020
- Processing: YangZ2016
Error in processing: YangZ2016. Skipping to next item.
- Done: YangZ2016
- Processing: ZhangY2017
- Done: ZhangY2017
- Processing: LuA2019
- Done: LuA2019
- Processing: HorvathS2018
- Done: HorvathS2018
- Processing: DunedinPACE
Error in processing: DunedinPACE. Skipping to next item.
- Done: DunedinPACE
- Processing: McEwenL2019
- Done: McEwenL2019
- Processing: CBL_specific
- Done: CBL_specific
- Processing: PCGrimAge
Error in processing: PCGrimAge. Skipping to next item.
- Done: PCGrimAge
- Processing: PCHorvathS2013
- Done: PCHorvathS2013
- Processing: PCHannumG2013
- Done: PCHannumG2013
- Processing: PCHorvathS2018
- Done: PCHorvathS2018
- Processing: PCPhenoAge
- Done: PCPhenoAge
- Processing: CBL_common
- Done: CBL_common
- Processing: Cortex_common
- Done: Cortex_common
- Processing: epiTOC2
- Done: epiTOC2
- Processing: BernabeuE2023c
- Done: BernabeuE2023c
- Processing: LuA2023p1
- Done: LuA2023p1
- Processing: LuA2023p2
- Done: LuA2023p2
- Processing: LuA2023p3
- Done: LuA2023p3
